Sat May 20 23:03:33 CEST 2017 : Server di rete Apache Derby: 10.11.1.2 - (1629631) avviato e pronto ad accettare connessioni sulla porta 1527
----------------------------------------------------------------
Sat May 20 23:03:33 CEST 2017:
Avvio della versione di Derby The Apache Software Foundation - Apache Derby - 10.11.1.2 - (1629631): istanza a816c00e-015c-27ac-28b8-ffffba6fa49f
sulla directory di database C:\Users\St3\Documents\NetBeansProjects\ProgettoAMM-NerdBook\Nerdbook\web\WEB-INF\db\Nerdbook con caricatore classi sun.misc.Launcher$AppClassLoader@1d44bcfa 
Caricato da file:/C:/Program%20Files/Java/jdk1.8.0_101/db/lib/derby.jar
java.vendor=Oracle Corporation
java.runtime.version=1.8.0_101-b13
user.dir=C:\Program Files\Java\jdk1.8.0_101\db
os.name=Windows 10
os.arch=amd64
os.version=10.0
derby.system.home=C:\Users\St3\Documents\NetBeansProjects\ProgettoAMM-NerdBook\Nerdbook\web\WEB-INF\db
Programma di caricamento classe database avviato - derby.database.classpath=''
----------------------------------------------------------------
Sat May 20 23:03:48 CEST 2017:
Arresto dell'istanza a816c00e-015c-27ac-28b8-ffffba6fa49f nella directory del database C:\Users\St3\Documents\NetBeansProjects\ProgettoAMM-NerdBook\Nerdbook\web\WEB-INF\db\Nerdbook con il caricatore di classi sun.misc.Launcher$AppClassLoader@1d44bcfa 
Sat May 20 23:03:48 CEST 2017 Thread[DRDAConnThread_2,5,main] (DATABASE = Nerdbook), (DRDAID = {2}), Chiusura del database 'Nerdbook'.
----------------------------------------------------------------
Sat May 20 23:03:57 CEST 2017:
Avvio della versione di Derby The Apache Software Foundation - Apache Derby - 10.11.1.2 - (1629631): istanza a65c80ac-015c-27ac-28b8-ffffba6fa49f
sulla directory di database C:\Users\St3\Documents\NetBeansProjects\ProgettoAMM-NerdBook\Nerdbook\web\WEB-INF\db\Nerdbook con caricatore classi sun.misc.Launcher$AppClassLoader@1d44bcfa 
Caricato da file:/C:/Program%20Files/Java/jdk1.8.0_101/db/lib/derby.jar
java.vendor=Oracle Corporation
java.runtime.version=1.8.0_101-b13
user.dir=C:\Program Files\Java\jdk1.8.0_101\db
os.name=Windows 10
os.arch=amd64
os.version=10.0
derby.system.home=C:\Users\St3\Documents\NetBeansProjects\ProgettoAMM-NerdBook\Nerdbook\web\WEB-INF\db
Programma di caricamento classe database avviato - derby.database.classpath=''
----------------------------------------------------------------
Sat May 20 23:10:38 CEST 2017:
Arresto dell'istanza a65c80ac-015c-27ac-28b8-ffffba6fa49f nella directory del database C:\Users\St3\Documents\NetBeansProjects\ProgettoAMM-NerdBook\Nerdbook\web\WEB-INF\db\Nerdbook con il caricatore di classi sun.misc.Launcher$AppClassLoader@1d44bcfa 
Sat May 20 23:10:38 CEST 2017 Thread[DRDAConnThread_3,5,main] (DATABASE = Nerdbook), (DRDAID = {4}), Chiusura del database 'Nerdbook'.
----------------------------------------------------------------
Sat May 20 23:10:54 CEST 2017:
Avvio della versione di Derby The Apache Software Foundation - Apache Derby - 10.11.1.2 - (1629631): istanza 3f9e4152-015c-27ac-28b8-ffffba6fa49f
sulla directory di database C:\Users\St3\Documents\NetBeansProjects\ProgettoAMM-NerdBook\Nerdbook\web\WEB-INF\db\Nerdbook con caricatore classi sun.misc.Launcher$AppClassLoader@1d44bcfa 
Caricato da file:/C:/Program%20Files/Java/jdk1.8.0_101/db/lib/derby.jar
java.vendor=Oracle Corporation
java.runtime.version=1.8.0_101-b13
user.dir=C:\Program Files\Java\jdk1.8.0_101\db
os.name=Windows 10
os.arch=amd64
os.version=10.0
derby.system.home=C:\Users\St3\Documents\NetBeansProjects\ProgettoAMM-NerdBook\Nerdbook\web\WEB-INF\db
Programma di caricamento classe database avviato - derby.database.classpath=''
----------------------------------------------------------------
Sat May 20 23:11:06 CEST 2017:
Arresto dell'istanza 3f9e4152-015c-27ac-28b8-ffffba6fa49f nella directory del database C:\Users\St3\Documents\NetBeansProjects\ProgettoAMM-NerdBook\Nerdbook\web\WEB-INF\db\Nerdbook con il caricatore di classi sun.misc.Launcher$AppClassLoader@1d44bcfa 
Sat May 20 23:11:06 CEST 2017 Thread[DRDAConnThread_3,5,main] (DATABASE = Nerdbook), (DRDAID = {6}), Chiusura del database 'Nerdbook'.
----------------------------------------------------------------
Sat May 20 23:11:11 CEST 2017:
Avvio della versione di Derby The Apache Software Foundation - Apache Derby - 10.11.1.2 - (1629631): istanza 6fe201f0-015c-27ac-28b8-ffffba6fa49f
sulla directory di database C:\Users\St3\Documents\NetBeansProjects\ProgettoAMM-NerdBook\Nerdbook\web\WEB-INF\db\Nerdbook con caricatore classi sun.misc.Launcher$AppClassLoader@1d44bcfa 
Caricato da file:/C:/Program%20Files/Java/jdk1.8.0_101/db/lib/derby.jar
java.vendor=Oracle Corporation
java.runtime.version=1.8.0_101-b13
user.dir=C:\Program Files\Java\jdk1.8.0_101\db
os.name=Windows 10
os.arch=amd64
os.version=10.0
derby.system.home=C:\Users\St3\Documents\NetBeansProjects\ProgettoAMM-NerdBook\Nerdbook\web\WEB-INF\db
Programma di caricamento classe database avviato - derby.database.classpath=''
----------------------------------------------------------------
Sat May 20 23:29:37 CEST 2017:
Arresto dell'istanza 6fe201f0-015c-27ac-28b8-ffffba6fa49f nella directory del database C:\Users\St3\Documents\NetBeansProjects\ProgettoAMM-NerdBook\Nerdbook\web\WEB-INF\db\Nerdbook con il caricatore di classi sun.misc.Launcher$AppClassLoader@1d44bcfa 
Sat May 20 23:29:37 CEST 2017 Thread[DRDAConnThread_4,5,main] (DATABASE = Nerdbook), (DRDAID = {8}), Chiusura del database 'Nerdbook'.
----------------------------------------------------------------
Sat May 20 23:29:53 CEST 2017:
Avvio della versione di Derby The Apache Software Foundation - Apache Derby - 10.11.1.2 - (1629631): istanza 15048295-015c-27ac-28b8-ffffba6fa49f
sulla directory di database C:\Users\St3\Documents\NetBeansProjects\ProgettoAMM-NerdBook\Nerdbook\web\WEB-INF\db\Nerdbook con caricatore classi sun.misc.Launcher$AppClassLoader@1d44bcfa 
Caricato da file:/C:/Program%20Files/Java/jdk1.8.0_101/db/lib/derby.jar
java.vendor=Oracle Corporation
java.runtime.version=1.8.0_101-b13
user.dir=C:\Program Files\Java\jdk1.8.0_101\db
os.name=Windows 10
os.arch=amd64
os.version=10.0
derby.system.home=C:\Users\St3\Documents\NetBeansProjects\ProgettoAMM-NerdBook\Nerdbook\web\WEB-INF\db
Programma di caricamento classe database avviato - derby.database.classpath=''
----------------------------------------------------------------
Sat May 20 23:30:04 CEST 2017:
Arresto dell'istanza 15048295-015c-27ac-28b8-ffffba6fa49f nella directory del database C:\Users\St3\Documents\NetBeansProjects\ProgettoAMM-NerdBook\Nerdbook\web\WEB-INF\db\Nerdbook con il caricatore di classi sun.misc.Launcher$AppClassLoader@1d44bcfa 
Sat May 20 23:30:04 CEST 2017 Thread[DRDAConnThread_4,5,main] (DATABASE = Nerdbook), (DRDAID = {10}), Chiusura del database 'Nerdbook'.
----------------------------------------------------------------
Sat May 20 23:30:08 CEST 2017:
Avvio della versione di Derby The Apache Software Foundation - Apache Derby - 10.11.1.2 - (1629631): istanza e71ec333-015c-27ac-28b8-ffffba6fa49f
sulla directory di database C:\Users\St3\Documents\NetBeansProjects\ProgettoAMM-NerdBook\Nerdbook\web\WEB-INF\db\Nerdbook con caricatore classi sun.misc.Launcher$AppClassLoader@1d44bcfa 
Caricato da file:/C:/Program%20Files/Java/jdk1.8.0_101/db/lib/derby.jar
java.vendor=Oracle Corporation
java.runtime.version=1.8.0_101-b13
user.dir=C:\Program Files\Java\jdk1.8.0_101\db
os.name=Windows 10
os.arch=amd64
os.version=10.0
derby.system.home=C:\Users\St3\Documents\NetBeansProjects\ProgettoAMM-NerdBook\Nerdbook\web\WEB-INF\db
Programma di caricamento classe database avviato - derby.database.classpath=''
